[17:11:10] [Render thread/INFO] [JMLogger] JourneyMap log initialized.
[17:11:10] [Render thread/INFO] [JourneymapClient] initialize ENTER
[17:11:10] [Render thread/INFO] [ClientAPI] [ClientAPI] built with JourneyMap API 2.0.0-SNAPSHOT
[17:11:10] [Render thread/INFO] [PluginHelper] Initializing plugins with Client API: journeymap.api.client.impl.ClientAPI
[17:11:10] [Render thread/INFO] [PluginHelper] Initialized IClientPlugin: journeymap.api.plugins.LoadedChunkOverlayPlugin
[17:11:10] [Render thread/INFO] [PluginHelper] Initialized IClientPlugin: net.blay09.mods.waystones.compat.JourneyMapIntegration
[17:11:11] [Render thread/INFO] [?] Version: JourneyMap 1.21.10-6.0.0-beta.54, built with fabric 0.134.1+1.21.10
fabric: 0.17.2
Environment: os.name, os.arch, java.version, user.country, user.language=null, game language=en_us, locale=en_us
SP: : Test World : 
MP: : Family~Server : Family~Server_7990850b~3e9f~48a5~bbfc~3f2709654d54 : offline : 
Features: 
	RadarPlayers : singleplayer = true , multiplayer = true
	RadarAnimals : singleplayer = true , multiplayer = true
	RadarMobs : singleplayer = true , multiplayer = true
	RadarVillagers : singleplayer = true , multiplayer = true
	MapTopo : singleplayer = true , multiplayer = true
	MapSurface : singleplayer = true , multiplayer = true
	MapCaves : singleplayer = true , multiplayer = true
	MapBiome : singleplayer = true , multiplayer = true
MiniMapProperties{state=Valid, file=journeymap.minimap.config, configVersion=6.0.0-beta.54, infoSlotTimeFormat=HH:mm:ss, zoomLevel=1024, compassFontScale=1.0, infoSlotFontScale=1.0, terrainAlpha=100, showEntityNames=false, showPassiveNames=false, positionX=0.9, positionY=0.25, effectVertical=false, showPlayerHeading=true, sizePercent=20, playerDisplayScale=1.0, showDayNight=true, showPets=false, showPlayerNames=true, preferredMapType=day, showCompass=true, showNpcNames=false, mobDisplay=jm.common.entity_display.dots_and_outlined_icons, showHostileNames=false, systemTimeRealFormat=HH:mm:ss, shape=jm.minimap.shape_circle, showSelf=true, showVillagerNames=false, selfDisplayScale=1.0, showGrid=false, reticleOrientation=jm.minimap.orientation.compass, minimapLockedMapType=jm.common.map_type.auto, effectTranslateX=0, info3LabelPosition=jm.minimap.info_slot.bottom, showWaypoints=false, info2LabelPosition=jm.minimap.info_slot.top, minimapKeyMovementSpeed=0.001, info1LabelPosition=jm.minimap.info_slot.top, showAnimals=false, infoSlotAlpha=0.7, effectTranslateY=0, showWaypointLabels=false, showAmbientNames=false, moveEffectIcons=true, showTeamNames=false, position=jm.minimap.position_topright, fontScale=1.0, info4LabelPosition=jm.minimap.info_slot.bottom, showPlayers=true, waypointIconScale=1.0, frameAlpha=100, effectReversed=false, backgroundAlpha=0.8, enabled=true, showVillagers=false, info2Label=jm.theme.labelsource.gametime, info3Label=jm.theme.labelsource.location, caveLayer=4, showMobs=false, waypointLabelScale=1.0, showReticle=false, orientation=jm.minimap.orientation.north, info4Label=jm.theme.labelsource.biome, locationFormat=xzyv, playerDisplay=jm.common.entity_display.outlined_icons, mobDisplayScale=1.0, showOffScreenPlayers=true, showCaves=false, hideEffectIcons=false, showMobHeading=false, locationFormatVerbose=true, showAmbientCreatures=false, showPetNames=false, info1Label=jm.theme.labelsource.blank, showNoIconNames=false}
MiniMapProperties{state=Valid, file=journeymap.minimap2.config, configVersion=6.0.0-beta.54, infoSlotTimeFormat=HH:mm:ss, zoomLevel=512, compassFontScale=1.0, infoSlotFontScale=1.0, terrainAlpha=100, showEntityNames=false, showPassiveNames=false, positionX=0.9, positionY=0.25, effectVertical=false, showPlayerHeading=true, sizePercent=30, playerDisplayScale=1.0, showDayNight=true, showPets=true, showPlayerNames=true, preferredMapType=day, showCompass=true, showNpcNames=false, mobDisplay=jm.common.entity_display.dots_and_outlined_icons, showHostileNames=false, systemTimeRealFormat=HH:mm:ss, shape=jm.minimap.shape_rectangle, showSelf=true, showVillagerNames=false, selfDisplayScale=1.0, showGrid=true, reticleOrientation=jm.minimap.orientation.compass, minimapLockedMapType=jm.common.map_type.auto, effectTranslateX=0, info3LabelPosition=jm.minimap.info_slot.bottom, showWaypoints=true, info2LabelPosition=jm.minimap.info_slot.top, minimapKeyMovementSpeed=0.001, info1LabelPosition=jm.minimap.info_slot.top, showAnimals=true, infoSlotAlpha=0.7, effectTranslateY=0, showWaypointLabels=true, showAmbientNames=false, moveEffectIcons=true, showTeamNames=true, position=jm.minimap.position_topright, fontScale=1.0, info4LabelPosition=jm.minimap.info_slot.bottom, showPlayers=true, waypointIconScale=1.0, frameAlpha=100, effectReversed=false, backgroundAlpha=0.8, enabled=true, showVillagers=true, info2Label=jm.theme.labelsource.gametime, info3Label=jm.theme.labelsource.location, caveLayer=4, showMobs=true, waypointLabelScale=1.0, showReticle=true, orientation=jm.minimap.orientation.north, info4Label=jm.theme.labelsource.biome, locationFormat=xzyv, playerDisplay=jm.common.entity_display.outlined_icons, mobDisplayScale=1.0, showOffScreenPlayers=true, showCaves=true, hideEffectIcons=false, showMobHeading=true, locationFormatVerbose=true, showAmbientCreatures=false, showPetNames=false, info1Label=jm.theme.labelsource.blank, showNoIconNames=true}
FullMapProperties{state=Valid, file=journeymap.fullmap.config, configVersion=6.0.0-beta.54, zoomLevel=2048, minimalMode=false, showPlayers=true, waypointIconScale=1.0, showEntityNames=false, showPassiveNames=false, showPlayerHeading=true, showVillagers=false, showPlayerLoc=true, showKeys=true, playerDisplayScale=1.0, showMobs=false, showPets=false, waypointLabelScale=1.0, showPlayerNames=true, preferredMapType=day, showNpcNames=false, mobDisplay=jm.common.entity_display.dots_and_outlined_icons, showHostileNames=false, showSelf=true, locationFormat=xzyv, playerDisplay=jm.common.entity_display.outlined_icons, showVillagerNames=false, mobDisplayScale=1.0, selfDisplayScale=1.0, showOffScreenPlayers=true, showGrid=false, showMouseLoc=true, showWaypoints=true, showCaves=false, showThemeButton=false, showAnimals=false, showMobHeading=false, showWaypointLabels=true, locationFormatVerbose=true, showAmbientNames=false, showAmbientCreatures=false, showTeamNames=false, showPetNames=false, fontScale=1.0, showNoIconNames=false}
WaypointProperties{state=Valid, file=journeymap.waypoint.config, configVersion=6.0.0-beta.54, autoRemoveDeathpointDistance=2, showPlayers=false, dateFormat=MM-dd-yyyy, autoHideIconAngle=5, autoRemoveDeathpoints=false, autoHideIcon=false, autoHideLabelAngle=5, displayOnLocatorBar=false, renderWaypointsWorld=true, showDeleteConfirmation=true, managerDimensionFocus=false, fullscreenDoubleClickToCreate=true, minDistance=4, coordinatesFormat=XZY, boldLabel=false, disableShare=false, showDeathpointlabel=true, textureSmall=true, useActionsButton=false, beaconEnabled=true, createDeathpoints=true, disableStrikeThrough=false, renderWaypointsMap=true, showName=true, maxDistance=0, ignoreRenderDistance=false, autoHideLabel=true, autoRemoveTempWaypoints=2, teleportCommand=/execute in {dim} run tp {name} {x} {y} {z}, showStaticBeam=true, renderWaypoints=true, wholeNumberTeleportCoords=false, timeFormat=HH:mm:ss, shaderBeacon=false, showDistance=true, showRotatingBeam=true, fontScale=2.0, managerEnabled=true}
WebMapProperties{state=Valid, file=journeymap.webmap.config, configVersion=6.0.0-beta.54, port=8080, enabled=false}
CoreProperties{state=Valid, file=journeymap.core.config, configVersion=6.0.0-beta.54, maxPlayersData=32, mapSurfaceAboveCaves=true, dataCachingEnabled=true, maxAmbientCreaturesData=32, optionsManagerViewed=6.0.0-beta.54, announceMod=true, ignoreSnow=false, colorPassive=#bbbbbb, colorPassiveLabel=#bbbbbb, mapShadows=true, mapBlendWater=true, playerIconFade=true, renderDistanceSurfaceMax=0, seedId=false, colorPetLabel=#0077ff, radarVerticalDistance=16, mapBlendGrass=true, recordCacheStats=false, hideSneakingEntities=true, initialSortOrder=Name, colorPlayerLabel=#ffffff, revealShape=jm.minimap.shape_circle, mapBiome=true, caveShader=jm.common.map_filter.default, mipmapLevels=5, colorVillagerLabel=#88e188, alwaysMapSurface=false, biomeShader=jm.common.map_filter.default, colorVillager=#88e188, mapPlants=false, colorPet=#0077ff, sortDescending=true, radarLateralDistance=64, mapBathymetry=false, mapCrops=true, maxMobsData=32, dayShader=jm.common.map_filter.default, mapPlantShadows=false, alwaysMapCaves=false, checkUpdates=true, colorHostileLabel=#ff0000, mapBlendFoliage=true, topoMax=0, hideSpectators=false, mappingEnabled=true, colorPlayer=#ffffff, cacheVillagersData=2200, logLevel=INFO, maxVillagersData=32, mapWaterBiomeColors=true, maxAnimalsData=32, mapTransparency=true, caveBlackAsClear=false, caveModeThreshold=2, legacyIcons=false, netherShader=jm.common.map_filter.default, caveIgnoreGlass=true, mapTopography=true, renderDistanceCaveMax=0, mapAntialiasing=true, colorSelf=#0000ff, cachePlayersData=2000, mapOnlyPlayerChunk=false, nightShader=jm.common.map_filter.default, cacheMobsData=3000, cachePlayerData=1000, splashViewed=6.0.0-beta.54, colorHostile=#ff0000, topoShader=jm.common.map_filter.default, allowMiniMapBehindScreens=true, cacheAnimalsData=3100, ignoreHeightmaps=false, themeName=Purist, mapCaveLighting=true, renderDelay=2, mobIconFade=true, serverIp=false, glErrorChecking=false, autoMapPoll=2000}
[17:11:11] [Render thread/INFO] [JourneymapClient] initialize EXIT, elapsed count 1 avg 429.27ms
[17:11:12] [Render thread/INFO] [ThemeLoader] Preloaded theme textures: 73
[17:11:12] [Render thread/INFO] [JourneymapClient] postInitialize EXIT, elapsed count 1 avg 1604.97ms
[17:11:13] [Render thread/INFO] [ColorPalette] Color palette file generated for 0 blockstates in 0ms for: Default Palette
[17:14:52] [Render thread/INFO] [JourneymapClient] World UID is set to: 7990850b-3e9f-48a5-bbfc-3f2709654d54
[17:14:52] [Render thread/INFO] [InternalStateHandler] Connection initiated with Journeymap Server: true
[17:14:52] [Render thread/INFO] [InternalStateHandler] Teleport Enabled: true
[17:14:52] [Render thread/INFO] [InternalStateHandler] Expanded Radar Enabled: true
[17:14:52] [Render thread/INFO] [InternalStateHandler] Server Admin Enabled: true
[17:14:52] [Render thread/INFO] [InternalStateHandler] Server set show in-game beacons: true
[17:14:52] [Render thread/INFO] [InternalStateHandler] Server set waypoints allowed: true
[17:14:52] [Render thread/INFO] [InternalStateHandler] Server set Server Admin read only mode: true
[17:14:52] [Render thread/INFO] [InternalStateHandler] Server set maxSurfaceRenderDistance to: 0
[17:14:52] [Render thread/INFO] [InternalStateHandler] Server setmaxCaveRenderDistance to: 0
[17:14:52] [Render thread/INFO] [InternalStateHandler] Server set allow mutliplayer options: true
[17:14:52] [Render thread/INFO] [InternalStateHandler] Server set allow rightClickTeleport options: true
[17:14:52] [Render thread/INFO] [InternalStateHandler] Server set allow radarLateralDistance options: 512
[17:14:52] [Render thread/INFO] [InternalStateHandler] Server set allow radarVerticalDistance options: 320
[17:14:52] [Render thread/INFO] [InternalStateHandler] Server set allow maxAnimalsData options: 128
[17:14:52] [Render thread/INFO] [InternalStateHandler] Server set allow maxAmbientCreaturesData options: 128
[17:14:52] [Render thread/INFO] [InternalStateHandler] Server set allow maxMobsData options: 128
[17:14:52] [Render thread/INFO] [InternalStateHandler] Server set allow maxPlayersData options: 128
[17:14:52] [Render thread/INFO] [InternalStateHandler] Server set allow maxVillagersData options: 128
[17:14:52] [Render thread/INFO] [InternalStateHandler] Server set allow playerRadarNamesEnabled options: true
[17:14:52] [Render thread/INFO] [InternalStateHandler] Server set allow minimapEnabled options: true
[17:14:52] [Render thread/INFO] [InternalStateHandler] Server set allow hideCoordinates options: false
[17:14:52] [Render thread/INFO] [InternalStateHandler] Connection initiated with Journeymap Server: true
[17:14:52] [Render thread/INFO] [InternalStateHandler] Teleport Enabled: true
[17:14:52] [Render thread/INFO] [InternalStateHandler] Expanded Radar Enabled: true
[17:14:52] [Render thread/INFO] [InternalStateHandler] Server Admin Enabled: true
[17:14:52] [Render thread/INFO] [InternalStateHandler] Server set show in-game beacons: true
[17:14:52] [Render thread/INFO] [InternalStateHandler] Server set waypoints allowed: true
[17:14:52] [Render thread/INFO] [InternalStateHandler] Server set Server Admin read only mode: true
[17:14:52] [Render thread/INFO] [InternalStateHandler] Server set maxSurfaceRenderDistance to: 0
[17:14:52] [Render thread/INFO] [InternalStateHandler] Server setmaxCaveRenderDistance to: 0
[17:14:52] [Render thread/INFO] [InternalStateHandler] Server set allow mutliplayer options: true
[17:14:52] [Render thread/INFO] [InternalStateHandler] Server set allow rightClickTeleport options: true
[17:14:52] [Render thread/INFO] [InternalStateHandler] Server set allow radarLateralDistance options: 512
[17:14:52] [Render thread/INFO] [InternalStateHandler] Server set allow radarVerticalDistance options: 320
[17:14:52] [Render thread/INFO] [InternalStateHandler] Server set allow maxAnimalsData options: 128
[17:14:52] [Render thread/INFO] [InternalStateHandler] Server set allow maxAmbientCreaturesData options: 128
[17:14:52] [Render thread/INFO] [InternalStateHandler] Server set allow maxMobsData options: 128
[17:14:52] [Render thread/INFO] [InternalStateHandler] Server set allow maxPlayersData options: 128
[17:14:52] [Render thread/INFO] [InternalStateHandler] Server set allow maxVillagersData options: 128
[17:14:52] [Render thread/INFO] [InternalStateHandler] Server set allow playerRadarNamesEnabled options: true
[17:14:52] [Render thread/INFO] [InternalStateHandler] Server set allow minimapEnabled options: true
[17:14:52] [Render thread/INFO] [InternalStateHandler] Server set allow hideCoordinates options: false
[17:14:52] [Render thread/INFO] [InternalStateHandler] Connection initiated with Journeymap Server: true
[17:14:52] [Render thread/INFO] [InternalStateHandler] Teleport Enabled: true
[17:14:52] [Render thread/INFO] [InternalStateHandler] Expanded Radar Enabled: true
[17:14:52] [Render thread/INFO] [InternalStateHandler] Server Admin Enabled: true
[17:14:52] [Render thread/INFO] [InternalStateHandler] Server set show in-game beacons: true
[17:14:52] [Render thread/INFO] [InternalStateHandler] Server set waypoints allowed: true
[17:14:52] [Render thread/INFO] [InternalStateHandler] Server set Server Admin read only mode: true
[17:14:52] [Render thread/INFO] [InternalStateHandler] Server set maxSurfaceRenderDistance to: 0
[17:14:52] [Render thread/INFO] [InternalStateHandler] Server setmaxCaveRenderDistance to: 0
[17:14:52] [Render thread/INFO] [InternalStateHandler] Server set allow mutliplayer options: true
[17:14:52] [Render thread/INFO] [InternalStateHandler] Server set allow rightClickTeleport options: true
[17:14:52] [Render thread/INFO] [InternalStateHandler] Server set allow radarLateralDistance options: 512
[17:14:52] [Render thread/INFO] [InternalStateHandler] Server set allow radarVerticalDistance options: 320
[17:14:52] [Render thread/INFO] [InternalStateHandler] Server set allow maxAnimalsData options: 128
[17:14:52] [Render thread/INFO] [InternalStateHandler] Server set allow maxAmbientCreaturesData options: 128
[17:14:52] [Render thread/INFO] [InternalStateHandler] Server set allow maxMobsData options: 128
[17:14:52] [Render thread/INFO] [InternalStateHandler] Server set allow maxPlayersData options: 128
[17:14:52] [Render thread/INFO] [InternalStateHandler] Server set allow maxVillagersData options: 128
[17:14:52] [Render thread/INFO] [InternalStateHandler] Server set allow playerRadarNamesEnabled options: true
[17:14:52] [Render thread/INFO] [InternalStateHandler] Server set allow minimapEnabled options: true
[17:14:52] [Render thread/INFO] [InternalStateHandler] Server set allow hideCoordinates options: false
[17:14:54] [Render thread/INFO] [ChatLog] JourneyMap: Press [J]
[17:14:54] [Render thread/INFO] [WaypointHandler] Resetting Waypoints and Groups.
[17:14:54] [Render thread/INFO] [WaypointStore] Loaded 0 waypoints from disk.
[17:14:54] [Render thread/INFO] [WaypointGroupStore] Loaded 5 waypoint groups from disk.
[17:14:54] [Render thread/INFO] [LegacyWaypointFileMigrator] 0 Legacy waypoints found that need to be migrated and backed up.
[17:14:54] [Render thread/INFO] [ColorPalette] Color palette file generated for 0 blockstates in 1ms for: C:\Users\ceast\AppData\Roaming\PrismLauncher\instances\1.21.10\minecraft\journeymap\colorpalette.json
[17:14:54] [Render thread/INFO] [ColorPalette] Color palette file generated for 0 blockstates in 1ms for: C:\Users\ceast\AppData\Roaming\PrismLauncher\instances\1.21.10\minecraft\journeymap\data\mp\Family~Server_7990850b~3e9f~48a5~bbfc~3f2709654d54\colorpalette.json
[17:14:54] [Render thread/INFO] [JourneymapClient] Mapping started in C:\Users\ceast\AppData\Roaming\PrismLauncher\instances\1.21.10\minecraft\journeymap\data\mp\Family~Server_7990850b~3e9f~48a5~bbfc~3f2709654d54\overworld. Memory: 1238MB total, 468MB free 
[17:14:54] [Render thread/INFO] [InternalStateHandler] Connection initiated with Journeymap Server: true
[17:14:54] [Render thread/INFO] [InternalStateHandler] Teleport Enabled: true
[17:14:54] [Render thread/INFO] [InternalStateHandler] Expanded Radar Enabled: true
[17:14:54] [Render thread/INFO] [InternalStateHandler] Server Admin Enabled: true
[17:14:54] [Render thread/INFO] [InternalStateHandler] Server set show in-game beacons: true
[17:14:54] [Render thread/INFO] [InternalStateHandler] Server set waypoints allowed: true
[17:14:54] [Render thread/INFO] [InternalStateHandler] Server set Server Admin read only mode: true
[17:14:54] [Render thread/INFO] [InternalStateHandler] Server set maxSurfaceRenderDistance to: 0
[17:14:54] [Render thread/INFO] [InternalStateHandler] Server setmaxCaveRenderDistance to: 0
[17:14:54] [Render thread/INFO] [InternalStateHandler] Server set allow mutliplayer options: true
[17:14:54] [Render thread/INFO] [InternalStateHandler] Server set allow rightClickTeleport options: true
[17:14:54] [Render thread/INFO] [InternalStateHandler] Server set allow radarLateralDistance options: 512
[17:14:54] [Render thread/INFO] [InternalStateHandler] Server set allow radarVerticalDistance options: 320
[17:14:54] [Render thread/INFO] [InternalStateHandler] Server set allow maxAnimalsData options: 128
[17:14:54] [Render thread/INFO] [InternalStateHandler] Server set allow maxAmbientCreaturesData options: 128
[17:14:54] [Render thread/INFO] [InternalStateHandler] Server set allow maxMobsData options: 128
[17:14:54] [Render thread/INFO] [InternalStateHandler] Server set allow maxPlayersData options: 128
[17:14:54] [Render thread/INFO] [InternalStateHandler] Server set allow maxVillagersData options: 128
[17:14:54] [Render thread/INFO] [InternalStateHandler] Server set allow playerRadarNamesEnabled options: true
[17:14:54] [Render thread/INFO] [InternalStateHandler] Server set allow minimapEnabled options: true
[17:14:54] [Render thread/INFO] [InternalStateHandler] Server set allow hideCoordinates options: false
[17:17:37] [Netty Client IO #1/INFO] [WaypointHandler] Resetting Waypoints and Groups.
[17:17:37] [Netty Client IO #1/INFO] [WaypointStore] Loaded 2 waypoints from disk.
[17:17:37] [Netty Client IO #1/INFO] [WaypointGroupStore] Loaded 5 waypoint groups from disk.
[17:17:37] [Render thread/INFO] [JourneymapClient] Mapping halted in C:\Users\ceast\AppData\Roaming\PrismLauncher\instances\1.21.10\minecraft\journeymap\data\mp\Family~Server_7990850b~3e9f~48a5~bbfc~3f2709654d54\minecraft:overworld
[17:17:37] [Render thread/INFO] [TextureCache] [JourneyMap]: Purging Theme Images
[17:17:37] [Render thread/INFO] [TextureCache] [JourneyMap]: Purging Region Images
[17:17:38] [Render thread/INFO] [TextureCache] [JourneyMap]: Purging Mob Icon Images
[17:17:38] [Render thread/INFO] [MappingMonitorTask] World ID has been reset.
[17:17:38] [Render thread/INFO] [JourneymapClient] World UID is set to: null
